<?xml version="1.0" encoding="UTF-8"?>
<!-- Generated by org.testng.reporters.JUnitReportReporter -->
<testsuite skipped="0" hostname="Priya3439" name="AmazonTestClass1" tests="2" failures="0" timestamp="07 Nov 2022 06:25:17 GMT" time="12.712" errors="0">
  <testcase name="checkHomePageIcon" time="5.174" classname="AmazonTestClass1"/>
  <testcase name="checkTitle" time="7.538" classname="AmazonTestClass1"/>
</testsuite> <!-- AmazonTestClass1 -->
