<?xml version="1.0" encoding="UTF-8"?>
<!-- Generated by org.testng.reporters.JUnitReportReporter -->
<testsuite skipped="0" hostname="Priya3439" name="AmazonTestClass1" tests="2" failures="0" timestamp="07 Nov 2022 08:36:38 GMT" time="22.680" errors="0">
  <testcase name="checkHomePageIcon" time="7.322" classname="AmazonTestClass1"/>
  <testcase name="checkTitle" time="15.358" classname="AmazonTestClass1"/>
</testsuite> <!-- AmazonTestClass1 -->
