<?xml version="1.0" encoding="UTF-8"?>
<!-- Generated by org.testng.reporters.JUnitReportReporter -->
<testsuite skipped="0" hostname="Priya3439" name="TestClassNAGP2022" tests="2" failures="0" timestamp="07 Nov 2022 16:58:16 GMT" time="16.488" errors="0">
  <testcase name="checkHomePageIcon" time="5.573" classname="TestClassNAGP2022"/>
  <testcase name="checkTitle" time="10.915" classname="TestClassNAGP2022"/>
</testsuite> <!-- TestClassNAGP2022 -->
